This is pdfTeXk, Version 3.141592-1.40.3 (Web2C 7.5.6) (format=latex 2012.8.14)  8 JUL 2013 17:19
entering extended mode
 %&-line parsing enabled.
**IQSforce
(./IQSforce.tex
LaTeX2e <2005/12/01>
Babel <v3.8h> and hyphenation patterns for english, usenglishmax, dumylang, noh
yphenation, arabic, basque, bulgarian, coptic, welsh, czech, slovak, german, ng
erman, danish, esperanto, spanish, catalan, galician, estonian, farsi, finnish,
 french, greek, monogreek, ancientgreek, croatian, hungarian, interlingua, ibyc
us, indonesian, icelandic, italian, latin, mongolian, dutch, norsk, polish, por
tuguese, pinyin, romanian, russian, slovenian, uppersorbian, serbian, swedish, 
turkish, ukenglish, ukrainian, loaded.
! Undefined control sequence.
l.2 \section
            {Force and Motion I\footnote{
? 
! Interruption.
<to be read again> 
                   {
l.2 \section{
             Force and Motion I\footnote{
? '
Type <return> to proceed, S to scroll future error messages,
R to run without stopping, Q to run quietly,
I to insert something, E to edit your file,
H for help, X to quit.
? 
! Emergency stop.
<to be read again> 
                   {
l.2 \section{
             Force and Motion I\footnote{
End of file on the terminal!

 
Here is how much of TeX's memory you used:
 5 strings out of 256217
 143 string characters out of 1917095
 48804 words of memory out of 1500000
 3390 multiletter control sequences out of 10000+200000
 3640 words of font info for 14 fonts, out of 1200000 for 2000
 645 hyphenation exceptions out of 8191
 5i,0n,1p,50b,8s stack positions out of 5000i,500n,6000p,200000b,15000s
No pages of output.
