This is pdfTeXk, Version 3.141592-1.40.3 (Web2C 7.5.6) (format=latex 2012.8.14)  28 OCT 2014 17:03
entering extended mode
 %&-line parsing enabled.
**masterIQSf2
(./masterIQSf2.tex
LaTeX2e <2005/12/01>
Babel <v3.8h> and hyphenation patterns for english, usenglishmax, dumylang, noh
yphenation, arabic, basque, bulgarian, coptic, welsh, czech, slovak, german, ng
erman, danish, esperanto, spanish, catalan, galician, estonian, farsi, finnish,
 french, greek, monogreek, ancientgreek, croatian, hungarian, interlingua, ibyc
us, indonesian, icelandic, italian, latin, mongolian, dutch, norsk, polish, por
tuguese, pinyin, romanian, russian, slovenian, uppersorbian, serbian, swedish, 
turkish, ukenglish, ukrainian, loaded.
(/usr/share/texmf/tex/latex/base/article.cls
Document Class: article 2005/09/16 v1.4f Standard LaTeX document class
(/usr/share/texmf/tex/latex/base/size10.clo
File: size10.clo 2005/09/16 v1.4f Standard LaTeX file (size option)
)
\c@part=\count79
\c@section=\count80
\c@subsection=\count81
\c@subsubsection=\count82
\c@paragraph=\count83
\c@subparagraph=\count84
\c@figure=\count85
\c@table=\count86
\abovecaptionskip=\skip41
\belowcaptionskip=\skip42
\bibindent=\dimen102
)
(/usr/share/texmf/tex/latex/base/fontenc.sty
Package: fontenc 2005/09/27 v1.99g Standard LaTeX package

(/usr/share/texmf/tex/latex/base/t1enc.def
File: t1enc.def 2005/09/27 v1.99g Standard LaTeX file
LaTeX Font Info:    Redeclaring font encoding T1 on input line 43.
))
(/usr/share/texmf/tex/latex/geometry/geometry.sty
Package: geometry 2002/07/08 v3.2 Page Geometry

(/usr/share/texmf/tex/latex/graphics/keyval.sty
Package: keyval 1999/03/16 v1.13 key=value parser (DPC)
\KV@toks@=\toks14
)
\Gm@cnth=\count87
\Gm@cntv=\count88
\c@Gm@tempcnt=\count89
\Gm@bindingoffset=\dimen103
\Gm@wd@mp=\dimen104
\Gm@odd@mp=\dimen105
\Gm@even@mp=\dimen106
\Gm@dimlist=\toks15
)
(/usr/share/texmf/tex/latex/comment/comment.sty
\CommentStream=\write3
 Excluding comment 'comment')
(/usr/share/texmf/tex/latex/fancyhdr/fancyhdr.sty
\fancy@headwidth=\skip43
\f@ncyO@elh=\skip44
\f@ncyO@erh=\skip45
\f@ncyO@olh=\skip46
\f@ncyO@orh=\skip47
\f@ncyO@elf=\skip48
\f@ncyO@erf=\skip49
\f@ncyO@olf=\skip50
\f@ncyO@orf=\skip51
)
(/usr/share/texmf/tex/latex/graphics/graphicx.sty
Package: graphicx 1999/02/16 v1.0f Enhanced LaTeX Graphics (DPC,SPQR)

(/usr/share/texmf/tex/latex/graphics/graphics.sty
Package: graphics 2006/02/20 v1.0o Standard LaTeX Graphics (DPC,SPQR)

(/usr/share/texmf/tex/latex/graphics/trig.sty
Package: trig 1999/03/16 v1.09 sin cos tan (DPC)
)
(/usr/share/texmf/tex/latex/config/graphics.cfg
File: graphics.cfg 2007/01/18 v1.5 graphics configuration of teTeX/TeXLive
)
Package graphics Info: Driver file: dvips.def on input line 90.

(/usr/share/texmf/tex/latex/graphics/dvips.def
File: dvips.def 1999/02/16 v3.0i Driver-dependant file (DPC,SPQR)
))
\Gin@req@height=\dimen107
\Gin@req@width=\dimen108
)
(/usr/share/texmf/tex/latex/fmtcount/fmtcount.sty
Package: fmtcount 2007/01/06 v1.06

(/usr/share/texmf/tex/latex/base/ifthen.sty
Package: ifthen 2001/05/26 v1.1c Standard LaTeX ifthen package (DPC)
)
\c@padzeroesN=\count90

No configuration file fmtcount.cfg found.
\@DT@modctr=\count91
\@ordinalctr=\count92
\@orgargctr=\count93
\@strctr=\count94
\@tmpstrctr=\count95
\@DT@loopN=\count96
\@DT@X=\count97
(/usr/share/texmf/tex/latex/fmtcount/fc-english.def
File: fc-english 2005/04/29
))
\c@activity=\count98
 (./masterIQSf2.aux
(./iqsRelatingMotion/IQSrelating.aux) (./slowing/slowing.aux)
(./projectile/projectile.aux) (./iqsForce/iqsForce.aux)
(./iqsCentripetalForce/iqsCentripetalForce.aux)
(./appendices/treatment_data.aux) (./appendices/datastudio.aux)
(./appendices/excel.aux) (./appendices/video_analysis_tracker.aux)
(./appendices/instrumentation.aux))
\openout1 = `masterIQSf2.aux'.

LaTeX Font Info:    Checking defaults for OML/cmm/m/it on input line 74.
LaTeX Font Info:    ... okay on input line 74.
LaTeX Font Info:    Checking defaults for T1/cmr/m/n on input line 74.
LaTeX Font Info:    ... okay on input line 74.
LaTeX Font Info:    Checking defaults for OT1/cmr/m/n on input line 74.
LaTeX Font Info:    ... okay on input line 74.
LaTeX Font Info:    Checking defaults for OMS/cmsy/m/n on input line 74.
LaTeX Font Info:    ... okay on input line 74.
LaTeX Font Info:    Checking defaults for OMX/cmex/m/n on input line 74.
LaTeX Font Info:    ... okay on input line 74.
LaTeX Font Info:    Checking defaults for U/cmr/m/n on input line 74.
LaTeX Font Info:    ... okay on input line 74.


Package geometry Warning: The marginal notes would fall off the page.
     Add 21.42575pt and more to the right margin.

-------------------- Geometry parameters
paper: class default
landscape: --
twocolumn: --
twoside: true
asymmetric: --
h-parts: 73.71613pt, 0.7\paperwidth , 110.57425pt (default)
v-parts: 95.39737pt, 0.7\paperheight , 143.09605pt (default)
hmarginratio: 2:3
vmarginratio: 2:3
lines: --
heightrounded: --
bindingoffset: 0.0pt
truedimen: --
includehead: --
includefoot: --
includemp: --
driver: 
-------------------- Page layout dimensions and switches
\paperwidth  614.295pt
\paperheight 794.96999pt
\textwidth  469.75499pt
\textheight 650.43pt
\oddsidemargin  0.0pt
\evensidemargin 0.0pt
\topmargin  54.2025pt
\headheight 9.03374pt
\headsep    18.06749pt
\footskip   30.0pt
\marginparwidth 121.0pt
\marginparsep   11.0pt
\columnsep  10.0pt
\skip\footins  9.0pt plus 4.0pt minus 2.0pt
\hoffset 0.0pt
\voffset -30.0pt
\mag 1000
\@twosidetrue \@mparswitchtrue 
(1in=72.27pt, 1cm=28.45pt)
-----------------------
LaTeX Font Info:    External font `cmex10' loaded for size
(Font)              <12> on input line 86.
LaTeX Font Info:    External font `cmex10' loaded for size
(Font)              <8> on input line 86.
LaTeX Font Info:    External font `cmex10' loaded for size
(Font)              <6> on input line 86.
File: AtomicStructure.ps Graphic file (type eps)
<AtomicStructure.ps> [1

]

Package Fancyhdr Warning: \headheight is too small (9.03374pt): 
 Make it at least 12.0pt.
 We now make it that large for the rest of the document.
 This may cause the page layout to be inconsistent, however.

[1] (./masterIQSf2.toc
LaTeX Font Info:    External font `cmex10' loaded for size
(Font)              <7> on input line 9.
LaTeX Font Info:    External font `cmex10' loaded for size
(Font)              <5> on input line 9.
)
\tf@toc=\write4
\openout4 = `masterIQSf2.toc'.

 [2]
Underfull \vbox (badness 10000) has occurred while \output is active []

 [3]
\openout2 = `iqsRelatingMotion/IQSrelating.aux'.


(./iqsRelatingMotion/IQSrelating.tex
LaTeX Font Info:    External font `cmex10' loaded for size
(Font)              <14.4> on input line 6.
 [4

]
File: iqsRelatingMotion/position_fig1.eps Graphic file (type eps)
 <iqsRelatingMotion/position_fig1.eps>
File: iqsRelatingMotion/position_fig1.eps Graphic file (type eps)

<iqsRelatingMotion/position_fig1.eps> [5]
File: iqsRelatingMotion/relating_fig1.eps Graphic file (type eps)

<iqsRelatingMotion/relating_fig1.eps> [6]
File: iqsRelatingMotion/relating_fig2.eps Graphic file (type eps)

<iqsRelatingMotion/relating_fig2.eps> [7]
File: iqsRelatingMotion/changing_fig1.eps Graphic file (type eps)

<iqsRelatingMotion/changing_fig1.eps>
File: iqsRelatingMotion/changing_fig2.eps Graphic file (type eps)
 <iqsRelatingMotion/changing_fig2.eps>
[8]
File: iqsRelatingMotion/changing_fig1.eps Graphic file (type eps)
 <iqsRelatingMotion/changing_fig1.eps>
File: iqsRelatingMotion/changing_fig2.eps Graphic file (type eps)

<iqsRelatingMotion/changing_fig2.eps> [9] [10]
File: iqsRelatingMotion/changing_fig3.eps Graphic file (type eps)

<iqsRelatingMotion/changing_fig3.eps>
File: iqsRelatingMotion/changing_fig4.eps Graphic file (type eps)
 <iqsRelatingMotion/changing_fig4.eps>
[11]
File: iqsRelatingMotion/relating_fig4.eps Graphic file (type eps)
 <iqsRelatingMotion/relating_fig4.eps>
File: iqsRelatingMotion/relating_fig5.eps Graphic file (type eps)

<iqsRelatingMotion/relating_fig5.eps> [12]
File: iqsRelatingMotion/relating_fig6.eps Graphic file (type eps)

<iqsRelatingMotion/relating_fig6.eps>
File: iqsRelatingMotion/changing_fig6.eps Graphic file (type eps)
 <iqsRelatingMotion/changing_fig6.eps>
File: iqsRelatingMotion/changing_fig7.eps Graphic file (type eps)

<iqsRelatingMotion/changing_fig7.eps> [13]
File: iqsRelatingMotion/changing_fig8.eps Graphic file (type eps)

<iqsRelatingMotion/changing_fig8.eps>
File: iqsRelatingMotion/changing_fig9.eps Graphic file (type eps)
 <iqsRelatingMotion/changing_fig9.eps>
File: iqsRelatingMotion/changing_fig11.eps Graphic file (type eps)

<iqsRelatingMotion/changing_fig11.eps> [14]
File: iqsRelatingMotion/changing_fig12.eps Graphic file (type eps)

<iqsRelatingMotion/changing_fig12.eps>
File: iqsRelatingMotion/changing_fig12.eps Graphic file (type eps)
 <iqsRelatingMotion/changing_fig12.eps>)
[15]
\openout2 = `slowing/slowing.aux'.

 (./slowing/slowing.tex
LaTeX Font Info:    Try loading font information for OMS+cmr on input line 13.
 (/usr/share/texmf/tex/latex/base/omscmr.fd
File: omscmr.fd 1999/05/25 v2.5h Standard LaTeX font definitions
)
LaTeX Font Info:    Font shape `OMS/cmr/m/n' in size <10> not available
(Font)              Font shape `OMS/cmsy/m/n' tried instead on input line 13.
File: slowing/slowing_fig1.eps Graphic file (type eps)

<slowing/slowing_fig1.eps> [16


]
Underfull \vbox (badness 4531) has occurred while \output is active []

 [17]
File: slowing/slowing_fig2.eps Graphic file (type eps)

<slowing/slowing_fig2.eps>
File: slowing/slowing_fig1.eps Graphic file (type eps)
 <slowing/slowing_fig1.eps> [18] [19]
File: slowing/slowing_fig3.eps Graphic file (type eps)

<slowing/slowing_fig3.eps>
File: slowing/slowing_fig4.eps Graphic file (type eps)
 <slowing/slowing_fig4.eps> [20]
File: slowing/slowing_fig5.eps Graphic file (type eps)

<slowing/slowing_fig5.eps>
Underfull \vbox (badness 10000) has occurred while \output is active []

 [21]
[22]
File: slowing/slowing_fig6.eps Graphic file (type eps)
 <slowing/slowing_fig6.eps>
File: slowing/slowing_fig7.eps Graphic file (type eps)
 <slowing/slowing_fig7.eps>
File: slowing/slowing_fig8.eps Graphic file (type eps)

<slowing/slowing_fig8.eps> [23]
File: slowing/slowing_fig9.eps Graphic file (type eps)
 <slowing/slowing_fig9.eps>
File: slowing/slowing_fig10.eps Graphic file (type eps)

<slowing/slowing_fig10.eps> [24]
File: slowing/slowing_fig12.eps Graphic file (type eps)
 <slowing/slowing_fig12.eps>
File: slowing/slowing_fig13.eps Graphic file (type eps)

<slowing/slowing_fig13.eps>
File: slowing/slowing_fig14.eps Graphic file (type eps)
 <slowing/slowing_fig14.eps> [25]
File: slowing/slowing_fig11.eps Graphic file (type eps)

<slowing/slowing_fig11.eps>
File: slowing/slowing_fig15.eps Graphic file (type eps)
 <slowing/slowing_fig15.eps>
Underfull \vbox (badness 7099) has occurred while \output is active []

 [26]
File: slowing/slowing_fig15.eps Graphic file (type eps)

<slowing/slowing_fig15.eps>
File: slowing/slowing_fig15.eps Graphic file (type eps)
 <slowing/slowing_fig15.eps> [27]
File: slowing/slowing_fig16.eps Graphic file (type eps)

<slowing/slowing_fig16.eps>
File: slowing/slowing_fig16.eps Graphic file (type eps)
 <slowing/slowing_fig16.eps>
File: slowing/slowing_fig16.eps Graphic file (type eps)

<slowing/slowing_fig16.eps>
File: slowing/slowing_fig17.eps Graphic file (type eps)
 <slowing/slowing_fig17.eps> [28]) [29]
\openout2 = `projectile/projectile.aux'.


(./projectile/projectile.tex [30


] [31]) [32]
\openout2 = `iqsForce/iqsForce.aux'.

 (./iqsForce/iqsForce.tex [33


]
File: iqsForce/force1_fig1b.eps Graphic file (type eps)

<iqsForce/force1_fig1b.eps>
File: iqsForce/force1_fig2.eps Graphic file (type eps)
 <iqsForce/force1_fig2.eps> [34] [35] [36]
File: iqsForce/force1_fig6.eps Graphic file (type eps)

<iqsForce/force1_fig6.eps>
File: iqsForce/force1_fig7.eps Graphic file (type eps)
 <iqsForce/force1_fig7.eps>
File: iqsForce/force1_fig8.eps Graphic file (type eps)

<iqsForce/force1_fig8.eps>
File: iqsForce/force1_fig9.eps Graphic file (type eps)
 <iqsForce/force1_fig9.eps> [37]
File: iqsForce/force1_fig10.eps Graphic file (type eps)

<iqsForce/force1_fig10.eps>
File: iqsForce/force1_fig10.eps Graphic file (type eps)
 <iqsForce/force1_fig10.eps> [38]
File: iqsForce/force1_fig10.eps Graphic file (type eps)

<iqsForce/force1_fig10.eps>
File: iqsForce/force1_fig11.eps Graphic file (type eps)
 <iqsForce/force1_fig11.eps>
File: iqsForce/force1_fig9.eps Graphic file (type eps)

<iqsForce/force1_fig9.eps> [39]
File: iqsForce/force1_fig12.eps Graphic file (type eps)
 <iqsForce/force1_fig12.eps>
File: iqsForce/force1_fig9.eps Graphic file (type eps)

<iqsForce/force1_fig9.eps>) [40]
\openout2 = `iqsCentripetalForce/iqsCentripetalForce.aux'.

 (./iqsCentripetalForce/iqsCentripetalForce.tex
File: iqsCentripetalForce/centripetal_fig1b.eps Graphic file (type eps)
<iqsCentripetalForce/centripetal_fig1b.eps>
File: iqsCentripetalForce/centripetal_fig2b.eps Graphic file (type eps)

<iqsCentripetalForce/centripetal_fig2b.eps> [41


]
File: iqsCentripetalForce/circ_motion_fig1b.eps Graphic file (type eps)

<iqsCentripetalForce/circ_motion_fig1b.eps> [42]
File: iqsCentripetalForce/circ_motion_fig2b.eps Graphic file (type eps)

<iqsCentripetalForce/circ_motion_fig2b.eps> [43] [44]
File: iqsCentripetalForce/centripetal5c.eps Graphic file (type eps)

<iqsCentripetalForce/centripetal5c.eps>
File: iqsCentripetalForce/centripetal8h.eps Graphic file (type eps)

<iqsCentripetalForce/centripetal8h.eps> [45]
File: iqsCentripetalForce/airplaneSetupB.eps Graphic file (type eps)

<iqsCentripetalForce/airplaneSetupB.eps> [46]
LaTeX Font Info:    Try loading font information for T1+cmtt on input line 315.


(/usr/share/texmf/tex/latex/base/t1cmtt.fd
File: t1cmtt.fd 1999/05/25 v2.5h Standard LaTeX font definitions
) [47] [48] [49]) [50]
\openout2 = `appendices/treatment_data.aux'.


(./appendices/treatment_data.tex [51


]) [52]
\openout2 = `appendices/datastudio.aux'.

 (./appendices/datastudio.tex
File: appendices/datastudio_fig1.eps Graphic file (type eps)

<appendices/datastudio_fig1.eps> [53


]) [54]
\openout2 = `appendices/excel.aux'.

 (./appendices/excel.tex
File: appendices/excelfigs/excelwindow.eps Graphic file (type eps)

<appendices/excelfigs/excelwindow.eps>
File: appendices/excelfigs/scatterplot.eps Graphic file (type eps)
 <appendices/excelfigs/scatterplot.eps>
[55


]
File: appendices/excelfigs/histf1.eps Graphic file (type eps)
 <appendices/excelfigs/histf1.eps>
File: appendices/excelfigs/histf2.eps Graphic file (type eps)
 <appendices/excelfigs/histf2.eps>
[56]
File: appendices/excelfigs/histf3.eps Graphic file (type eps)
 <appendices/excelfigs/histf3.eps>
File: appendices/excelfigs/histf4.eps Graphic file (type eps)
 <appendices/excelfigs/histf4.eps>)
[57] [58]
\openout2 = `appendices/video_analysis_tracker.aux'.

 (./appendices/video_analysis_tracker.tex
File: appendices/video_analysis_tracker_fig1d.eps Graphic file (type eps)

<appendices/video_analysis_tracker_fig1d.eps> [59


] [60]) [61]
\openout2 = `appendices/instrumentation.aux'.


(./appendices/instrumentation.tex [62


]
File: appendices/instrumentation_fig1.eps Graphic file (type eps)
 <appendices/instrumentation_fig1.eps>
[63] [64]) [65] (./masterIQSf2.aux (./iqsRelatingMotion/IQSrelating.aux)
(./slowing/slowing.aux) (./projectile/projectile.aux) (./iqsForce/iqsForce.aux)
(./iqsCentripetalForce/iqsCentripetalForce.aux)
(./appendices/treatment_data.aux) (./appendices/datastudio.aux)
(./appendices/excel.aux) (./appendices/video_analysis_tracker.aux)
(./appendices/instrumentation.aux)) ) 
Here is how much of TeX's memory you used:
 1744 strings out of 256217
 23676 string characters out of 1917095
 78276 words of memory out of 1500000
 4897 multiletter control sequences out of 10000+200000
 18495 words of font info for 43 fonts, out of 1200000 for 2000
 645 hyphenation exceptions out of 8191
 30i,11n,43p,894b,383s stack positions out of 5000i,500n,6000p,200000b,15000s

Output written on masterIQSf2.dvi (66 pages, 153608 bytes).
