This is pdfTeXk, Version 3.141592-1.40.3 (Web2C 7.5.6) (format=latex 2012.8.14)  2 FEB 2015 17:08
entering extended mode
 %&-line parsing enabled.
**masterIQS2015s1
(./masterIQS2015s1.tex
LaTeX2e <2005/12/01>
Babel <v3.8h> and hyphenation patterns for english, usenglishmax, dumylang, noh
yphenation, arabic, basque, bulgarian, coptic, welsh, czech, slovak, german, ng
erman, danish, esperanto, spanish, catalan, galician, estonian, farsi, finnish,
 french, greek, monogreek, ancientgreek, croatian, hungarian, interlingua, ibyc
us, indonesian, icelandic, italian, latin, mongolian, dutch, norsk, polish, por
tuguese, pinyin, romanian, russian, slovenian, uppersorbian, serbian, swedish, 
turkish, ukenglish, ukrainian, loaded.
(/usr/share/texmf/tex/latex/base/article.cls
Document Class: article 2005/09/16 v1.4f Standard LaTeX document class
(/usr/share/texmf/tex/latex/base/size10.clo
File: size10.clo 2005/09/16 v1.4f Standard LaTeX file (size option)
)
\c@part=\count79
\c@section=\count80
\c@subsection=\count81
\c@subsubsection=\count82
\c@paragraph=\count83
\c@subparagraph=\count84
\c@figure=\count85
\c@table=\count86
\abovecaptionskip=\skip41
\belowcaptionskip=\skip42
\bibindent=\dimen102
)
(/usr/share/texmf/tex/latex/base/fontenc.sty
Package: fontenc 2005/09/27 v1.99g Standard LaTeX package

(/usr/share/texmf/tex/latex/base/t1enc.def
File: t1enc.def 2005/09/27 v1.99g Standard LaTeX file
LaTeX Font Info:    Redeclaring font encoding T1 on input line 43.
))
(/usr/share/texmf/tex/latex/geometry/geometry.sty
Package: geometry 2002/07/08 v3.2 Page Geometry

(/usr/share/texmf/tex/latex/graphics/keyval.sty
Package: keyval 1999/03/16 v1.13 key=value parser (DPC)
\KV@toks@=\toks14
)
\Gm@cnth=\count87
\Gm@cntv=\count88
\c@Gm@tempcnt=\count89
\Gm@bindingoffset=\dimen103
\Gm@wd@mp=\dimen104
\Gm@odd@mp=\dimen105
\Gm@even@mp=\dimen106
\Gm@dimlist=\toks15
)
(/usr/share/texmf/tex/latex/fancyhdr/fancyhdr.sty
\fancy@headwidth=\skip43
\f@ncyO@elh=\skip44
\f@ncyO@erh=\skip45
\f@ncyO@olh=\skip46
\f@ncyO@orh=\skip47
\f@ncyO@elf=\skip48
\f@ncyO@erf=\skip49
\f@ncyO@olf=\skip50
\f@ncyO@orf=\skip51
)
(/usr/share/texmf/tex/latex/graphics/graphicx.sty
Package: graphicx 1999/02/16 v1.0f Enhanced LaTeX Graphics (DPC,SPQR)

(/usr/share/texmf/tex/latex/graphics/graphics.sty
Package: graphics 2006/02/20 v1.0o Standard LaTeX Graphics (DPC,SPQR)

(/usr/share/texmf/tex/latex/graphics/trig.sty
Package: trig 1999/03/16 v1.09 sin cos tan (DPC)
)
(/usr/share/texmf/tex/latex/config/graphics.cfg
File: graphics.cfg 2007/01/18 v1.5 graphics configuration of teTeX/TeXLive
)
Package graphics Info: Driver file: dvips.def on input line 90.

(/usr/share/texmf/tex/latex/graphics/dvips.def
File: dvips.def 1999/02/16 v3.0i Driver-dependant file (DPC,SPQR)
))
\Gin@req@height=\dimen107
\Gin@req@width=\dimen108
)
(/usr/share/texmf/tex/latex/fmtcount/fmtcount.sty
Package: fmtcount 2007/01/06 v1.06

(/usr/share/texmf/tex/latex/base/ifthen.sty
Package: ifthen 2001/05/26 v1.1c Standard LaTeX ifthen package (DPC)
)
\c@padzeroesN=\count90

No configuration file fmtcount.cfg found.
\@DT@modctr=\count91
\@ordinalctr=\count92
\@orgargctr=\count93
\@strctr=\count94
\@tmpstrctr=\count95
\@DT@loopN=\count96
\@DT@X=\count97
(/usr/share/texmf/tex/latex/fmtcount/fc-english.def
File: fc-english 2005/04/29
))
(/usr/share/texmf/tex/latex/tools/enumerate.sty
Package: enumerate 1999/03/05 v3.00 enumerate extensions (DPC)
\@enLab=\toks16
)
(/usr/share/texmf/tex/latex/jknapltx/mathrsfs.sty
Package: mathrsfs 1996/01/01 Math RSFS package v1.0 (jk)
\symrsfs=\mathgroup4
)
\c@activity=\count98
 (./masterIQS2015s1.aux
(./workAndKE/workIQS.aux) (./consOfME/conservation_mechIQS.aux)
(./momentum/momentumIQS.aux) (./heat/heatIQS.aux)
(./calorimetry/calorimetryIQS.aux) (./kineticTheory/kineticTheoryIQS.aux)
(./applyingKineticTheory/applying_kinetic_theoryIQS.aux)
(./stefansLaw/stefansLaw.aux) (./appendices/treatment_data.aux)
(./appendices/datastudio.aux) (./appendices/excel.aux)
(./appendices/video_analysis_tracker.aux) (./appendices/instrumentation.aux))
\openout1 = `masterIQS2015s1.aux'.

LaTeX Font Info:    Checking defaults for OML/cmm/m/it on input line 63.
LaTeX Font Info:    ... okay on input line 63.
LaTeX Font Info:    Checking defaults for T1/cmr/m/n on input line 63.
LaTeX Font Info:    ... okay on input line 63.
LaTeX Font Info:    Checking defaults for OT1/cmr/m/n on input line 63.
LaTeX Font Info:    ... okay on input line 63.
LaTeX Font Info:    Checking defaults for OMS/cmsy/m/n on input line 63.
LaTeX Font Info:    ... okay on input line 63.
LaTeX Font Info:    Checking defaults for OMX/cmex/m/n on input line 63.
LaTeX Font Info:    ... okay on input line 63.
LaTeX Font Info:    Checking defaults for U/cmr/m/n on input line 63.
LaTeX Font Info:    ... okay on input line 63.


Package geometry Warning: The marginal notes would fall off the page.
     Add 21.42575pt and more to the right margin.

-------------------- Geometry parameters
paper: class default
landscape: --
twocolumn: --
twoside: true
asymmetric: --
h-parts: 73.71613pt, 0.7\paperwidth , 110.57425pt (default)
v-parts: 95.39737pt, 0.7\paperheight , 143.09605pt (default)
hmarginratio: 2:3
vmarginratio: 2:3
lines: --
heightrounded: --
bindingoffset: 0.0pt
truedimen: --
includehead: --
includefoot: --
includemp: --
driver: 
-------------------- Page layout dimensions and switches
\paperwidth  614.295pt
\paperheight 794.96999pt
\textwidth  469.75499pt
\textheight 650.43pt
\oddsidemargin  0.0pt
\evensidemargin 0.0pt
\topmargin  54.2025pt
\headheight 9.03374pt
\headsep    18.06749pt
\footskip   30.0pt
\marginparwidth 121.0pt
\marginparsep   11.0pt
\columnsep  10.0pt
\skip\footins  9.0pt plus 4.0pt minus 2.0pt
\hoffset 0.0pt
\voffset -30.0pt
\mag 1000
\@twosidetrue \@mparswitchtrue 
(1in=72.27pt, 1cm=28.45pt)
-----------------------
LaTeX Font Info:    External font `cmex10' loaded for size
(Font)              <12> on input line 75.
LaTeX Font Info:    External font `cmex10' loaded for size
(Font)              <8> on input line 75.
LaTeX Font Info:    External font `cmex10' loaded for size
(Font)              <6> on input line 75.
LaTeX Font Info:    Try loading font information for U+rsfs on input line 75.
(/usr/share/texmf/tex/latex/jknapltx/ursfs.fd
File: ursfs.fd 1998/03/24 rsfs font definition file (jk)
)
File: AtomicStructure.ps Graphic file (type eps)
 <AtomicStructure.ps> [1

]

Package Fancyhdr Warning: \headheight is too small (9.03374pt): 
 Make it at least 12.0pt.
 We now make it that large for the rest of the document.
 This may cause the page layout to be inconsistent, however.

[1] (./masterIQS2015s1.toc
LaTeX Font Info:    External font `cmex10' loaded for size
(Font)              <7> on input line 12.
LaTeX Font Info:    External font `cmex10' loaded for size
(Font)              <5> on input line 12.
)
\tf@toc=\write3
\openout3 = `masterIQS2015s1.toc'.

 [2]
Underfull \vbox (badness 10000) has occurred while \output is active []

 [3]
\openout2 = `workAndKE/workIQS.aux'.


(./workAndKE/workIQS.tex
LaTeX Font Info:    External font `cmex10' loaded for size
(Font)              <14.4> on input line 3.
LaTeX Font Info:    Try loading font information for OMS+cmr on input line 10.
 (/usr/share/texmf/tex/latex/base/omscmr.fd
File: omscmr.fd 1999/05/25 v2.5h Standard LaTeX font definitions
)
LaTeX Font Info:    Font shape `OMS/cmr/m/n' in size <10> not available
(Font)              Font shape `OMS/cmsy/m/n' tried instead on input line 10.
File: workAndKE/work_power_fig1b.eps Graphic file (type eps)

<workAndKE/work_power_fig1b.eps>
File: workAndKE/work_power_fig2.eps Graphic file (type eps)
 <workAndKE/work_power_fig2.eps> [4

] [5]
File: workAndKE/work_power_fig3.eps Graphic file (type eps)

<workAndKE/work_power_fig3.eps>
File: workAndKE/work_power_fig4b.eps Graphic file (type eps)
 <workAndKE/work_power_fig4b.eps> [6]
File: workAndKE/work_power_fig5.eps Graphic file (type eps)

<workAndKE/work_power_fig5.eps>
File: workAndKE/work_power_fig6b.eps Graphic file (type eps)
 <workAndKE/work_power_fig6b.eps> [7] [8]
[9]
File: workAndKE/workAndKEF1.eps Graphic file (type eps)
 <workAndKE/workAndKEF1.eps>
File: workAndKE/workAndKEF2.eps Graphic file (type eps)
 <workAndKE/workAndKEF2.eps>
Underfull \vbox (badness 10000) has occurred while \output is active []

 [10]
[11] [12] [13]) [14]
\openout2 = `consOfME/conservation_mechIQS.aux'.

 (./consOfME/conservation_mechIQS.tex [15


] [16] [17]
LaTeX Font Info:    Try loading font information for T1+cmtt on input line 217.


(/usr/share/texmf/tex/latex/base/t1cmtt.fd
File: t1cmtt.fd 1999/05/25 v2.5h Standard LaTeX font definitions
)) [18]
\openout2 = `momentum/momentumIQS.aux'.

 (./momentum/momentumIQS.tex
Underfull \hbox (badness 5105) in paragraph at lines 51--51
[]\T1/cmr/m/it/10 DataStudio \T1/cmr/m/n/10 soft-ware (Two
 []

File: momentum/momentum_fig1.eps Graphic file (type eps)
<momentum/momentum_fig1.eps> [19


] [20] [21]
File: momentum/newtons_laws_fig1.eps Graphic file (type eps)
 <momentum/newtons_laws_fig1.eps>
File: momentum/newtons_laws_fig3.eps Graphic file (type eps)

<momentum/newtons_laws_fig3.eps> [22]
File: momentum/newtons_laws_fig4.eps Graphic file (type eps)
 <momentum/newtons_laws_fig4.eps>
File: momentum/newtons_laws_fig5.eps Graphic file (type eps)

<momentum/newtons_laws_fig5.eps> [23] [24] [25] [26]) [27]
\openout2 = `heat/heatIQS.aux'.

 (./heat/heatIQS.tex
File: heat/heat_temp_int_energy_fig_1.eps Graphic file (type eps)

<heat/heat_temp_int_energy_fig_1.eps> [28


]) [29]
\openout2 = `calorimetry/calorimetryIQS.aux'.


(./calorimetry/calorimetryIQS.tex
File: heat/calorimetry_fig_1.eps Graphic file (type eps)
 <heat/calorimetry_fig_1.eps> [30


] [31])
[32]
\openout2 = `kineticTheory/kineticTheoryIQS.aux'.

 (./kineticTheory/kineticTheoryIQS.tex [33


]
File: kineticTheory/am4a.eps Graphic file (type eps)
 <kineticTheory/am4a.eps>
[34] [35] [36] [37]) [38]
\openout2 = `applyingKineticTheory/applying_kinetic_theoryIQS.aux'.


(./applyingKineticTheory/applying_kinetic_theoryIQS.tex
Overfull \hbox (3.80217pt too wide) in paragraph at lines 15--19
[]\T1/cmr/m/n/10 To de-rive the re-la-tion-ship be-tween tem-per-a-ture and the
 kine-matic prop-er-ties of the monatomic molecules
 []

[39


]
Underfull \vbox (badness 10000) has occurred while \output is active []

 [40]
[41] [42] [43]) [44]
\openout2 = `stefansLaw/stefansLaw.aux'.

 (./stefansLaw/stefansLaw.tex [45


]
File: stefansLaw/stefansLawFig1h.eps Graphic file (type eps)

<stefansLaw/stefansLawFig1h.eps> [46]
File: stefansLaw/stefansLawFig2d.eps Graphic file (type eps)
 <stefansLaw/stefansLawFig2d.eps> [47])
[48]
\openout2 = `appendices/treatment_data.aux'.

 (./appendices/treatment_data.tex [49


]) [50]
\openout2 = `appendices/datastudio.aux'.

 (./appendices/datastudio.tex
File: appendices/datastudio_fig1.eps Graphic file (type eps)

<appendices/datastudio_fig1.eps> [51


]) [52]
\openout2 = `appendices/excel.aux'.

 (./appendices/excel.tex
File: appendices/excelfigs/excelwindow.eps Graphic file (type eps)

<appendices/excelfigs/excelwindow.eps>
File: appendices/excelfigs/scatterplot.eps Graphic file (type eps)
 <appendices/excelfigs/scatterplot.eps>
[53


]
File: appendices/excelfigs/histf1.eps Graphic file (type eps)
 <appendices/excelfigs/histf1.eps>
File: appendices/excelfigs/histf2.eps Graphic file (type eps)
 <appendices/excelfigs/histf2.eps>
[54]
File: appendices/excelfigs/histf3.eps Graphic file (type eps)
 <appendices/excelfigs/histf3.eps>
File: appendices/excelfigs/histf4.eps Graphic file (type eps)
 <appendices/excelfigs/histf4.eps>)
[55] [56]
\openout2 = `appendices/video_analysis_tracker.aux'.

 (./appendices/video_analysis_tracker.tex
File: appendices/video_analysis_tracker_fig1d.eps Graphic file (type eps)

<appendices/video_analysis_tracker_fig1d.eps> [57


] [58]) [59]
\openout2 = `appendices/instrumentation.aux'.


(./appendices/instrumentation.tex [60


]
File: appendices/instrumentation_fig1.eps Graphic file (type eps)
 <appendices/instrumentation_fig1.eps>
[61] [62]) [63] (./masterIQS2015s1.aux (./workAndKE/workIQS.aux)
(./consOfME/conservation_mechIQS.aux) (./momentum/momentumIQS.aux)
(./heat/heatIQS.aux) (./calorimetry/calorimetryIQS.aux)
(./kineticTheory/kineticTheoryIQS.aux)
(./applyingKineticTheory/applying_kinetic_theoryIQS.aux)
(./stefansLaw/stefansLaw.aux) (./appendices/treatment_data.aux)
(./appendices/datastudio.aux) (./appendices/excel.aux)
(./appendices/video_analysis_tracker.aux) (./appendices/instrumentation.aux)) )
 
Here is how much of TeX's memory you used:
 1708 strings out of 256217
 23134 string characters out of 1917095
 82666 words of memory out of 1500000
 4857 multiletter control sequences out of 10000+200000
 20577 words of font info for 53 fonts, out of 1200000 for 2000
 645 hyphenation exceptions out of 8191
 30i,12n,43p,898b,367s stack positions out of 5000i,500n,6000p,200000b,15000s

Output written on masterIQS2015s1.dvi (64 pages, 176312 bytes).
